<?xml version="1.0" encoding="UTF-8"?>
<testsuite name="com.beyondImagination.bookChatter.BookChatterApplicationTests" tests="1" skipped="0" failures="1" errors="0" timestamp="2024-12-02T18:59:17" hostname="DESKTOP-OS0K9O0" time="0.001">
  <properties/>
  <testcase name="initializationError" classname="com.beyondImagination.bookChatter.BookChatterApplicationTests" time="0.001">
    <failure message="java.lang.ExceptionInInitializerError" type="java.lang.ExceptionInInitializerError">java.lang.ExceptionInInitializerError
	at org.springframework.test.context.junit.jupiter.SpringExtension.getTestContextManager(SpringExtension.java:363)
	at org.springframework.test.context.junit.jupiter.SpringExtension.beforeAll(SpringExtension.java:128)
	at java.base/java.util.ArrayList.forEach(ArrayList.java:1511)
Caused by: org.apache.logging.log4j.LoggingException: log4j-slf4j2-impl cannot be present with log4j-to-slf4j
	at app//org.apache.logging.slf4j.Log4jLoggerFactory.validateContext(Log4jLoggerFactory.java:67)
	at app//org.apache.logging.slf4j.Log4jLoggerFactory.newLogger(Log4jLoggerFactory.java:49)
	at app//org.apache.logging.slf4j.Log4jLoggerFactory.newLogger(Log4jLoggerFactory.java:32)
	at app//org.apache.logging.log4j.spi.AbstractLoggerAdapter.getLogger(AbstractLoggerAdapter.java:52)
	at app//org.apache.logging.slf4j.Log4jLoggerFactory.getLogger(Log4jLoggerFactory.java:32)
	at app//org.slf4j.LoggerFactory.getLogger(LoggerFactory.java:432)
	at app//org.apache.commons.logging.LogAdapter$Slf4jAdapter.createLocationAwareLog(LogAdapter.java:121)
	at app//org.apache.commons.logging.LogAdapter.createLog(LogAdapter.java:95)
	at app//org.apache.commons.logging.LogFactory.getLog(LogFactory.java:67)
	at app//org.apache.commons.logging.LogFactory.getLog(LogFactory.java:59)
	at app//org.springframework.test.context.TestContextManager.&lt;clinit&gt;(TestContextManager.java:93)
	... 3 more
</failure>
  </testcase>
  <system-out><![CDATA[]]></system-out>
  <system-err><![CDATA[SLF4J(W): Class path contains multiple SLF4J providers.
SLF4J(W): Found provider [org.apache.logging.slf4j.SLF4JServiceProvider@3f67593e]
SLF4J(W): Found provider [ch.qos.logback.classic.spi.LogbackServiceProvider@1ab06251]
SLF4J(W): See https://www.slf4j.org/codes.html#multiple_bindings for an explanation.
SLF4J(I): Actual provider is of type [org.apache.logging.slf4j.SLF4JServiceProvider@3f67593e]
]]></system-err>
</testsuite>
